<?xml version="1.0" encoding="UTF-8"?>
<!-- Generated by org.testng.reporters.JUnitReportReporter -->
<testsuite skipped="0" hostname="muhammeds-MBP.home" name="brooklyn.TestNGbasicjava" tests="3" failures="0" timestamp="24 May 2018 01:25:44 GMT" time="0.015" errors="0">
  <testcase name="goolgelogotest" time="0.002" classname="brooklyn.TestNGbasicjava"/>
  <testcase name="googletiltetest" time="0.009" classname="brooklyn.TestNGbasicjava"/>
  <testcase name="searchtitle" time="0.004" classname="brooklyn.TestNGbasicjava"/>
</testsuite> <!-- brooklyn.TestNGbasicjava -->
